0 info it worked if it ends with ok
1 verbose cli [ 'C:\\Program Files\\nodejs\\node.exe',
1 verbose cli   'C:\\Program Files\\nodejs\\node_modules\\npm\\bin\\npm-cli.js',
1 verbose cli   'run-script',
1 verbose cli   'prebuild-dev-pkg' ]
2 info using npm@3.6.0
3 info using node@v5.6.0
4 verbose run-script [ 'prebuild-dev-pkg' ]
5 info lifecycle voyageone_cms@0.2.0~prebuild-dev-pkg: voyageone_cms@0.2.0
6 verbose lifecycle voyageone_cms@0.2.0~prebuild-dev-pkg: unsafe-perm in lifecycle true
7 verbose lifecycle voyageone_cms@0.2.0~prebuild-dev-pkg: PATH: C:\Program Files\nodejs\node_modules\npm\bin\node-gyp-bin;E:\mycode\cms2_jumei\voyageone-static\2.0\node_modules\.bin;C:\ProgramData\Oracle\Java\javapath;C:\WINDOWS\system32;C:\WINDOWS;C:\WINDOWS\System32\Wbem;C:\WINDOWS\System32\WindowsPowerShell\v1.0\;C:\Program Files\nodejs\;C:\Program Files\TortoiseGit\bin;C:\Program Files\TortoiseSVN\bin;C:\WINDOWS\system32\config\systemprofile\.dnx\bin;C:\Program Files\Microsoft DNX\Dnvm\;C:\Program Files\Microsoft SQL Server\120\Tools\Binn\;C:\Program Files\Java\jdk1.8.0_25\bin;D:\software\apache\apache-maven-3.3.9\bin;C:\Users\dell\AppData\Roaming\npm
8 verbose lifecycle voyageone_cms@0.2.0~prebuild-dev-pkg: CWD: E:\mycode\cms2_jumei\voyageone-static\2.0
9 silly lifecycle voyageone_cms@0.2.0~prebuild-dev-pkg: Args: [ '/d /s /c', 'gulp build-angular-suff' ]
10 silly lifecycle voyageone_cms@0.2.0~prebuild-dev-pkg: Returned: code: 1  signal: null
11 info lifecycle voyageone_cms@0.2.0~prebuild-dev-pkg: Failed to exec prebuild-dev-pkg script
12 verbose stack Error: voyageone_cms@0.2.0 prebuild-dev-pkg: `gulp build-angular-suff`
12 verbose stack Exit status 1
12 verbose stack     at EventEmitter.<anonymous> (C:\Program Files\nodejs\node_modules\npm\lib\utils\lifecycle.js:232:16)
12 verbose stack     at emitTwo (events.js:100:13)
12 verbose stack     at EventEmitter.emit (events.js:185:7)
12 verbose stack     at ChildProcess.<anonymous> (C:\Program Files\nodejs\node_modules\npm\lib\utils\spawn.js:24:14)
12 verbose stack     at emitTwo (events.js:100:13)
12 verbose stack     at ChildProcess.emit (events.js:185:7)
12 verbose stack     at maybeClose (internal/child_process.js:827:16)
12 verbose stack     at Process.ChildProcess._handle.onexit (internal/child_process.js:211:5)
13 verbose pkgid voyageone_cms@0.2.0
14 verbose cwd E:\mycode\cms2_jumei\voyageone-static\2.0
15 error Windows_NT 10.0.10586
16 error argv "C:\\Program Files\\nodejs\\node.exe" "C:\\Program Files\\nodejs\\node_modules\\npm\\bin\\npm-cli.js" "run-script" "prebuild-dev-pkg"
17 error node v5.6.0
18 error npm  v3.6.0
19 error code ELIFECYCLE
20 error voyageone_cms@0.2.0 prebuild-dev-pkg: `gulp build-angular-suff`
20 error Exit status 1
21 error Failed at the voyageone_cms@0.2.0 prebuild-dev-pkg script 'gulp build-angular-suff'.
21 error Make sure you have the latest version of node.js and npm installed.
21 error If you do, this is most likely a problem with the voyageone_cms package,
21 error not with npm itself.
21 error Tell the author that this fails on your system:
21 error     gulp build-angular-suff
21 error You can get information on how to open an issue for this project with:
21 error     npm bugs voyageone_cms
21 error Or if that isn't available, you can get their info via:
21 error     npm owner ls voyageone_cms
21 error There is likely additional logging output above.
22 verbose exit [ 1, true ]
